{"/Users/maciej/Documents/salt/salt-testing-demo/jest-test-setup/index.js": {"path":"/Users/maciej/Documents/salt/salt-testing-demo/jest-test-setup/index.js","statementMap":{"0":{"start":{"line":1,"column":21},"end":{"line":7,"column":1}},"1":{"start":{"line":2,"column":37},"end":{"line":4,"column":10}},"2":{"start":{"line":3,"column":14},"end":{"line":3,"column":52}},"3":{"start":{"line":5,"column":2},"end":{"line":5,"column":74}},"4":{"start":{"line":9,"column":0},"end":{"line":9,"column":30}}},"fnMap":{"0":{"name":"(anonymous_0)","decl":{"start":{"line":1,"column":21},"end":{"line":1,"column":22}},"loc":{"start":{"line":1,"column":32},"end":{"line":7,"column":1}},"line":1},"1":{"name":"(anonymous_1)","decl":{"start":{"line":3,"column":4},"end":{"line":3,"column":5}},"loc":{"start":{"line":3,"column":14},"end":{"line":3,"column":52}},"line":3}},"branchMap":{"0":{"loc":{"start":{"line":5,"column":9},"end":{"line":5,"column":73}},"type":"cond-expr","locations":[{"start":{"line":5,"column":38},"end":{"line":5,"column":64}},{"start":{"line":5,"column":67},"end":{"line":5,"column":73}}],"line":5}},"s":{"0":1,"1":2,"2":9,"3":2,"4":1},"f":{"0":2,"1":9},"b":{"0":[1,1]},"_coverageSchema":"1a1c01bbd47fc00a2c39e90264f33305004495a9","hash":"95e6286ce4ff68d36d9696df97bb88fc8d219ec1"}
}
